#! /usr/bin/vvp
:ivl_version "10.1 (stable)";
:ivl_delay_selection "TYPICAL";
:vpi_time_precision + 0;
:vpi_module "system";
:vpi_module "vhdl_sys";
:vpi_module "v2005_math";
:vpi_module "va_math";
S_0x55e596513690 .scope module, "counter" "counter" 2 1;
 .timescale 0 0;
    .port_info 0 /INPUT 1 "clk"
    .port_info 1 /INPUT 1 "rstn"
    .port_info 2 /OUTPUT 4 "cnt"
L_0x55e596533c00 .functor BUFZ 4, v0x55e596533a00_0, C4<0000>, C4<0000>, C4<0000>;
o0x7f5de2f71018 .functor BUFZ 1, C4<z>; HiZ drive
v0x55e596513880_0 .net "clk", 0 0, o0x7f5de2f71018;  0 drivers
v0x55e596533920_0 .net "cnt", 3 0, L_0x55e596533c00;  1 drivers
v0x55e596533a00_0 .var "cnt_i", 3 0;
o0x7f5de2f710a8 .functor BUFZ 1, C4<z>; HiZ drive
v0x55e596533ac0_0 .net "rstn", 0 0, o0x7f5de2f710a8;  0 drivers
E_0x55e5964dc8a0/0 .event negedge, v0x55e596533ac0_0;
E_0x55e5964dc8a0/1 .event posedge, v0x55e596513880_0;
E_0x55e5964dc8a0 .event/or E_0x55e5964dc8a0/0, E_0x55e5964dc8a0/1;
    .scope S_0x55e596513690;
T_0 ;
    %wait E_0x55e5964dc8a0;
    %load/vec4 v0x55e596533ac0_0;
    %inv;
    %flag_set/vec4 8;
    %jmp/0xz  T_0.0, 8;
    %pushi/vec4 0, 0, 4;
    %assign/vec4 v0x55e596533a00_0, 0;
    %jmp T_0.1;
T_0.0 ;
    %load/vec4 v0x55e596533a00_0;
    %addi 1, 0, 4;
    %assign/vec4 v0x55e596533a00_0, 0;
T_0.1 ;
    %jmp T_0;
    .thread T_0;
# The file index is used to find the file name in the following table.
:file_names 3;
    "N/A";
    "<interactive>";
    "src/counter.v";
