#! /usr/bin/vvp
:ivl_version "10.1 (stable)";
:ivl_delay_selection "TYPICAL";
:vpi_time_precision + 0;
:vpi_module "system";
:vpi_module "vhdl_sys";
:vpi_module "v2005_math";
:vpi_module "va_math";
S_0x55677fd99480 .scope module, "edge_mod" "edge_mod" 2 1;
 .timescale 0 0;
    .port_info 0 /INPUT 1 "clk"
    .port_info 1 /INPUT 1 "rstn"
    .port_info 2 /INPUT 1 "cin"
    .port_info 3 /OUTPUT 1 "cout"
L_0x55677fdb9b10 .functor BUFZ 1, v0x55677fdb9730_0, C4<0>, C4<0>, C4<0>;
o0x7fca895ce018 .functor BUFZ 1, C4<z>; HiZ drive
v0x55677fd99690_0 .net "cin", 0 0, o0x7fca895ce018;  0 drivers
v0x55677fdb9730_0 .var "cin_f", 0 0;
o0x7fca895ce078 .functor BUFZ 1, C4<z>; HiZ drive
v0x55677fdb97f0_0 .net "clk", 0 0, o0x7fca895ce078;  0 drivers
v0x55677fdb98c0_0 .net "cout", 0 0, L_0x55677fdb9b10;  1 drivers
o0x7fca895ce0d8 .functor BUFZ 1, C4<z>; HiZ drive
v0x55677fdb9980_0 .net "rstn", 0 0, o0x7fca895ce0d8;  0 drivers
E_0x55677fd978e0/0 .event negedge, v0x55677fdb9980_0;
E_0x55677fd978e0/1 .event posedge, v0x55677fdb97f0_0;
E_0x55677fd978e0 .event/or E_0x55677fd978e0/0, E_0x55677fd978e0/1;
    .scope S_0x55677fd99480;
T_0 ;
    %wait E_0x55677fd978e0;
    %load/vec4 v0x55677fdb9980_0;
    %inv;
    %flag_set/vec4 8;
    %jmp/0xz  T_0.0, 8;
    %pushi/vec4 0, 0, 1;
    %assign/vec4 v0x55677fdb9730_0, 0;
    %jmp T_0.1;
T_0.0 ;
    %load/vec4 v0x55677fd99690_0;
    %assign/vec4 v0x55677fdb9730_0, 0;
T_0.1 ;
    %jmp T_0;
    .thread T_0;
# The file index is used to find the file name in the following table.
:file_names 3;
    "N/A";
    "<interactive>";
    "src/edge.v";
